2014-04-18T19:01:54+00:00,processing page 1
2014-04-18T19:02:04+00:00,A2671ACD2EAC037CE0438C93F116037C already exists in RS skipping..
2014-04-18T19:02:04+00:00,file: /jukebox/111_128.mp3 doesn't exist skipping
2014-04-18T19:02:04+00:00,file: /jukebox/112_128.mp3 doesn't exist skipping
2014-04-18T19:02:04+00:00,file: /jukebox/113_128.mp3 doesn't exist skipping
2014-04-18T19:02:04+00:00,file: /jukebox/114_128.mp3 doesn't exist skipping
2014-04-18T19:02:04+00:00,file: /jukebox/115_128.mp3 doesn't exist skipping
2014-04-18T19:02:04+00:00,file: /jukebox/116_128.mp3 doesn't exist skipping
2014-04-18T19:02:04+00:00,file: /jukebox/117_128.mp3 doesn't exist skipping
2014-04-18T19:02:04+00:00,file: /jukebox/118_128.mp3 doesn't exist skipping
2014-04-18T19:02:04+00:00,file: /jukebox/119_128.mp3 doesn't exist skipping
2014-04-18T19:02:04+00:00,DONE: Processed 0
2014-04-18T19:05:48+00:00,processing page 1
2014-04-18T19:05:51+00:00,file: /vagrant/www/resourcespace/public/streammedia/jukebox/110_128.mp3 doesn't exist skipping
2014-04-18T19:05:52+00:00,file: /vagrant/www/resourcespace/public/streammedia/jukebox/111_128.mp3 doesn't exist skipping
2014-04-18T19:05:52+00:00,file: /vagrant/www/resourcespace/public/streammedia/jukebox/112_128.mp3 doesn't exist skipping
2014-04-18T19:05:52+00:00,file: /vagrant/www/resourcespace/public/streammedia/jukebox/113_128.mp3 doesn't exist skipping
2014-04-18T19:05:52+00:00,file: /vagrant/www/resourcespace/public/streammedia/jukebox/114_128.mp3 doesn't exist skipping
2014-04-18T19:05:52+00:00,file: /vagrant/www/resourcespace/public/streammedia/jukebox/115_128.mp3 doesn't exist skipping
2014-04-18T19:05:52+00:00,file: /vagrant/www/resourcespace/public/streammedia/jukebox/116_128.mp3 doesn't exist skipping
2014-04-18T19:05:52+00:00,file: /vagrant/www/resourcespace/public/streammedia/jukebox/117_128.mp3 doesn't exist skipping
2014-04-18T19:05:52+00:00,file: /vagrant/www/resourcespace/public/streammedia/jukebox/118_128.mp3 doesn't exist skipping
2014-04-18T19:05:52+00:00,file: /vagrant/www/resourcespace/public/streammedia/jukebox/119_128.mp3 doesn't exist skipping
2014-04-18T19:05:52+00:00,DONE: Processed 0
2014-04-18T19:09:52+00:00,processing page 1
2014-04-18T19:09:55+00:00,file: /vagrant/www/resourcespace/public/streammedia/jukebox/110_128.mp3 doesn't exist skipping
2014-04-18T19:09:55+00:00,file: /vagrant/www/resourcespace/public/streammedia/jukebox/111_128.mp3 doesn't exist skipping
2014-04-18T19:09:55+00:00,file: /vagrant/www/resourcespace/public/streammedia/jukebox/112_128.mp3 doesn't exist skipping
2014-04-18T19:09:55+00:00,file: /vagrant/www/resourcespace/public/streammedia/jukebox/113_128.mp3 doesn't exist skipping
2014-04-18T19:09:56+00:00,file: /vagrant/www/resourcespace/public/streammedia/jukebox/114_128.mp3 doesn't exist skipping
2014-04-18T19:09:56+00:00,file: /vagrant/www/resourcespace/public/streammedia/jukebox/115_128.mp3 doesn't exist skipping
2014-04-18T19:09:56+00:00,file: /vagrant/www/resourcespace/public/streammedia/jukebox/116_128.mp3 doesn't exist skipping
2014-04-18T19:09:56+00:00,file: /vagrant/www/resourcespace/public/streammedia/jukebox/117_128.mp3 doesn't exist skipping
2014-04-18T19:09:56+00:00,file: /vagrant/www/resourcespace/public/streammedia/jukebox/118_128.mp3 doesn't exist skipping
2014-04-18T19:09:56+00:00,file: /vagrant/www/resourcespace/public/streammedia/jukebox/119_128.mp3 doesn't exist skipping
2014-04-18T19:09:56+00:00,DONE: Processed 0
2014-04-18T19:11:45+00:00,processing page 2
2014-04-18T19:11:47+00:00,file: /vagrant/www/resourcespace/public/streammedia/jukebox/120_128.mp3 doesn't exist skipping
2014-04-18T19:11:47+00:00,file: /vagrant/www/resourcespace/public/streammedia/jukebox/121_128.mp3 doesn't exist skipping
2014-04-18T19:11:47+00:00,file: /vagrant/www/resourcespace/public/streammedia/jukebox/122_128.mp3 doesn't exist skipping
2014-04-18T19:11:47+00:00,file: /vagrant/www/resourcespace/public/streammedia/jukebox/123_128.mp3 doesn't exist skipping
2014-04-18T19:11:47+00:00,file: /vagrant/www/resourcespace/public/streammedia/jukebox/124_128.mp3 doesn't exist skipping
2014-04-18T19:11:47+00:00,file: /vagrant/www/resourcespace/public/streammedia/jukebox/125_128.mp3 doesn't exist skipping
2014-04-18T19:11:47+00:00,file: /vagrant/www/resourcespace/public/streammedia/jukebox/126_128.mp3 doesn't exist skipping
2014-04-18T19:11:47+00:00,file: /vagrant/www/resourcespace/public/streammedia/jukebox/127_128.mp3 doesn't exist skipping
2014-04-18T19:11:47+00:00,file: /vagrant/www/resourcespace/public/streammedia/jukebox/128_128.mp3 doesn't exist skipping
2014-04-18T19:11:47+00:00,file: /vagrant/www/resourcespace/public/streammedia/jukebox/129_128.mp3 doesn't exist skipping
2014-04-18T19:11:47+00:00,DONE: Processed 0
2014-04-18T19:18:56+00:00,processing page 3
2014-04-18T19:18:57+00:00,file: /vagrant/www/resourcespace/public/streammedia/jukebox/130_128.mp3 doesn't exist skipping
2014-04-18T19:18:57+00:00,file: /vagrant/www/resourcespace/public/streammedia/jukebox/131_128.mp3 doesn't exist skipping
2014-04-18T19:18:57+00:00,file: /vagrant/www/resourcespace/public/streammedia/jukebox/132_128.mp3 doesn't exist skipping
2014-04-18T19:18:57+00:00,file: /vagrant/www/resourcespace/public/streammedia/jukebox/133_128.mp3 doesn't exist skipping
2014-04-18T19:18:57+00:00,file: /vagrant/www/resourcespace/public/streammedia/jukebox/134_128.mp3 doesn't exist skipping
2014-04-18T19:18:57+00:00,file: /vagrant/www/resourcespace/public/streammedia/jukebox/135_128.mp3 doesn't exist skipping
2014-04-18T19:18:57+00:00,file: /vagrant/www/resourcespace/public/streammedia/jukebox/136_128.mp3 doesn't exist skipping
2014-04-18T19:18:57+00:00,file: /vagrant/www/resourcespace/public/streammedia/jukebox/1_128.mp3 doesn't exist skipping
2014-04-18T19:18:57+00:00,file: /vagrant/www/resourcespace/public/streammedia/jukebox/2_128.mp3 doesn't exist skipping
2014-04-18T19:18:57+00:00,file: /vagrant/www/resourcespace/public/streammedia/jukebox/3_128.mp3 doesn't exist skipping
2014-04-18T19:18:57+00:00,DONE: Processed 0
2014-04-18T19:22:52+00:00,processing page 4
2014-04-18T19:22:53+00:00,file: /vagrant/www/resourcespace/public/streammedia/jukebox/4_128.mp3 doesn't exist skipping
2014-04-18T19:22:54+00:00,file: /vagrant/www/resourcespace/public/streammedia/jukebox/5_128.mp3 doesn't exist skipping
2014-04-18T19:22:54+00:00,file: /vagrant/www/resourcespace/public/streammedia/jukebox/6_128.mp3 doesn't exist skipping
2014-04-18T19:22:54+00:00,file: /vagrant/www/resourcespace/public/streammedia/jukebox/7_128.mp3 doesn't exist skipping
2014-04-18T19:22:54+00:00,file: /vagrant/www/resourcespace/public/streammedia/jukebox/8_128.mp3 doesn't exist skipping
2014-04-18T19:22:54+00:00,file: /vagrant/www/resourcespace/public/streammedia/jukebox/9_128.mp3 doesn't exist skipping
2014-04-18T19:22:54+00:00,file: /vagrant/www/resourcespace/public/streammedia/jukebox/10_128.mp3 doesn't exist skipping
2014-04-18T19:22:54+00:00,file: /vagrant/www/resourcespace/public/streammedia/jukebox/11_128.mp3 doesn't exist skipping
2014-04-18T19:22:54+00:00,file: /vagrant/www/resourcespace/public/streammedia/jukebox/12_128.mp3 doesn't exist skipping
2014-04-18T19:22:54+00:00,file: /vagrant/www/resourcespace/public/streammedia/jukebox/13_128.mp3 doesn't exist skipping
2014-04-18T19:22:54+00:00,DONE: Processed 0
2014-04-18T19:27:09+00:00,processing page 5
2014-04-18T19:27:10+00:00,file: /vagrant/www/resourcespace/public/streammedia/jukebox/14_128.mp3 doesn't exist skipping
2014-04-18T19:27:10+00:00,file: /vagrant/www/resourcespace/public/streammedia/jukebox/15_128.mp3 doesn't exist skipping
2014-04-18T19:27:10+00:00,file: /vagrant/www/resourcespace/public/streammedia/jukebox/16_128.mp3 doesn't exist skipping
2014-04-18T19:27:10+00:00,file: /vagrant/www/resourcespace/public/streammedia/jukebox/17_128.mp3 doesn't exist skipping
2014-04-18T19:27:10+00:00,file: /vagrant/www/resourcespace/public/streammedia/jukebox/18_128.mp3 doesn't exist skipping
2014-04-18T19:27:10+00:00,file: /vagrant/www/resourcespace/public/streammedia/jukebox/19_128.mp3 doesn't exist skipping
2014-04-18T19:27:10+00:00,file: /vagrant/www/resourcespace/public/streammedia/jukebox/20_128.mp3 doesn't exist skipping
2014-04-18T19:27:10+00:00,file: /vagrant/www/resourcespace/public/streammedia/jukebox/21_128.mp3 doesn't exist skipping
2014-04-18T19:27:10+00:00,file: /vagrant/www/resourcespace/public/streammedia/jukebox/22_128.mp3 doesn't exist skipping
2014-04-18T19:27:10+00:00,file: /vagrant/www/resourcespace/public/streammedia/jukebox/23_128.mp3 doesn't exist skipping
2014-04-18T19:27:10+00:00,DONE: Processed 0
2014-04-18T19:28:57+00:00,processing page 1
2014-04-18T19:29:00+00:00,file: /vagrant/www/resourcespace/public/streammedia/jukebox/110_128.mp3 doesn't exist skipping
2014-04-18T19:29:00+00:00,file: /vagrant/www/resourcespace/public/streammedia/jukebox/111_128.mp3 doesn't exist skipping
2014-04-18T19:29:00+00:00,file: /vagrant/www/resourcespace/public/streammedia/jukebox/112_128.mp3 doesn't exist skipping
2014-04-18T19:29:01+00:00,file: /vagrant/www/resourcespace/public/streammedia/jukebox/113_128.mp3 doesn't exist skipping
2014-04-18T19:29:01+00:00,file: /vagrant/www/resourcespace/public/streammedia/jukebox/114_128.mp3 doesn't exist skipping
2014-04-18T19:29:01+00:00,file: /vagrant/www/resourcespace/public/streammedia/jukebox/115_128.mp3 doesn't exist skipping
2014-04-18T19:29:01+00:00,file: /vagrant/www/resourcespace/public/streammedia/jukebox/116_128.mp3 doesn't exist skipping
2014-04-18T19:29:01+00:00,file: /vagrant/www/resourcespace/public/streammedia/jukebox/117_128.mp3 doesn't exist skipping
2014-04-18T19:29:01+00:00,file: /vagrant/www/resourcespace/public/streammedia/jukebox/118_128.mp3 doesn't exist skipping
2014-04-18T19:29:01+00:00,file: /vagrant/www/resourcespace/public/streammedia/jukebox/119_128.mp3 doesn't exist skipping
2014-04-18T19:29:01+00:00,DONE: Processed 0
2014-04-18T19:30:27+00:00,processing page 2
2014-04-18T19:31:42+00:00,processing page 2
2014-04-18T19:31:57+00:00,processing page 2
2014-04-18T19:31:59+00:00,file: /vagrant/www/resourcespace/public/streammedia/jukebox/120_128.mp3 doesn't exist skipping
2014-04-18T19:31:59+00:00,file: /vagrant/www/resourcespace/public/streammedia/jukebox/121_128.mp3 doesn't exist skipping
2014-04-18T19:31:59+00:00,file: /vagrant/www/resourcespace/public/streammedia/jukebox/122_128.mp3 doesn't exist skipping
2014-04-18T19:31:59+00:00,file: /vagrant/www/resourcespace/public/streammedia/jukebox/123_128.mp3 doesn't exist skipping
2014-04-18T19:31:59+00:00,file: /vagrant/www/resourcespace/public/streammedia/jukebox/124_128.mp3 doesn't exist skipping
2014-04-18T19:31:59+00:00,file: /vagrant/www/resourcespace/public/streammedia/jukebox/125_128.mp3 doesn't exist skipping
2014-04-18T19:31:59+00:00,file: /vagrant/www/resourcespace/public/streammedia/jukebox/126_128.mp3 doesn't exist skipping
2014-04-18T19:31:59+00:00,file: /vagrant/www/resourcespace/public/streammedia/jukebox/127_128.mp3 doesn't exist skipping
2014-04-18T19:31:59+00:00,file: /vagrant/www/resourcespace/public/streammedia/jukebox/128_128.mp3 doesn't exist skipping
2014-04-18T19:31:59+00:00,file: /vagrant/www/resourcespace/public/streammedia/jukebox/129_128.mp3 doesn't exist skipping
2014-04-18T19:31:59+00:00,DONE: Processed 0
2014-04-18T19:33:03+00:00,processing page 1
2014-04-18T19:33:04+00:00,file: /vagrant/www/resourcespace/public/streammedia/jukebox/110_128.mp3 doesn't exist skipping
2014-04-18T19:33:04+00:00,file: /vagrant/www/resourcespace/public/streammedia/jukebox/111_128.mp3 doesn't exist skipping
2014-04-18T19:33:04+00:00,file: /vagrant/www/resourcespace/public/streammedia/jukebox/112_128.mp3 doesn't exist skipping
2014-04-18T19:33:04+00:00,file: /vagrant/www/resourcespace/public/streammedia/jukebox/113_128.mp3 doesn't exist skipping
2014-04-18T19:33:04+00:00,file: /vagrant/www/resourcespace/public/streammedia/jukebox/114_128.mp3 doesn't exist skipping
2014-04-18T19:33:04+00:00,file: /vagrant/www/resourcespace/public/streammedia/jukebox/115_128.mp3 doesn't exist skipping
2014-04-18T19:33:04+00:00,file: /vagrant/www/resourcespace/public/streammedia/jukebox/116_128.mp3 doesn't exist skipping
2014-04-18T19:33:04+00:00,file: /vagrant/www/resourcespace/public/streammedia/jukebox/117_128.mp3 doesn't exist skipping
2014-04-18T19:33:05+00:00,file: /vagrant/www/resourcespace/public/streammedia/jukebox/118_128.mp3 doesn't exist skipping
2014-04-18T19:33:05+00:00,file: /vagrant/www/resourcespace/public/streammedia/jukebox/119_128.mp3 doesn't exist skipping
2014-04-18T19:33:05+00:00,DONE: Processed 0
2014-04-18T19:34:01+00:00,processing page 2
2014-04-18T19:34:02+00:00,file: /vagrant/www/resourcespace/public/streammedia/jukebox/120_128.mp3 doesn't exist skipping
2014-04-18T19:34:02+00:00,file: /vagrant/www/resourcespace/public/streammedia/jukebox/121_128.mp3 doesn't exist skipping
2014-04-18T19:34:02+00:00,file: /vagrant/www/resourcespace/public/streammedia/jukebox/122_128.mp3 doesn't exist skipping
2014-04-18T19:34:02+00:00,file: /vagrant/www/resourcespace/public/streammedia/jukebox/123_128.mp3 doesn't exist skipping
2014-04-18T19:34:03+00:00,file: /vagrant/www/resourcespace/public/streammedia/jukebox/124_128.mp3 doesn't exist skipping
2014-04-18T19:34:03+00:00,file: /vagrant/www/resourcespace/public/streammedia/jukebox/125_128.mp3 doesn't exist skipping
2014-04-18T19:34:03+00:00,file: /vagrant/www/resourcespace/public/streammedia/jukebox/126_128.mp3 doesn't exist skipping
2014-04-18T19:34:03+00:00,file: /vagrant/www/resourcespace/public/streammedia/jukebox/127_128.mp3 doesn't exist skipping
2014-04-18T19:34:03+00:00,file: /vagrant/www/resourcespace/public/streammedia/jukebox/128_128.mp3 doesn't exist skipping
2014-04-18T19:34:03+00:00,file: /vagrant/www/resourcespace/public/streammedia/jukebox/129_128.mp3 doesn't exist skipping
2014-04-18T19:34:03+00:00,DONE: Processed 0
2014-04-18T19:34:18+00:00,processing page 3
2014-04-18T19:34:19+00:00,file: /vagrant/www/resourcespace/public/streammedia/jukebox/130_128.mp3 doesn't exist skipping
2014-04-18T19:34:20+00:00,file: /vagrant/www/resourcespace/public/streammedia/jukebox/131_128.mp3 doesn't exist skipping
2014-04-18T19:34:20+00:00,file: /vagrant/www/resourcespace/public/streammedia/jukebox/132_128.mp3 doesn't exist skipping
2014-04-18T19:34:20+00:00,file: /vagrant/www/resourcespace/public/streammedia/jukebox/133_128.mp3 doesn't exist skipping
2014-04-18T19:34:20+00:00,file: /vagrant/www/resourcespace/public/streammedia/jukebox/134_128.mp3 doesn't exist skipping
2014-04-18T19:34:20+00:00,file: /vagrant/www/resourcespace/public/streammedia/jukebox/135_128.mp3 doesn't exist skipping
2014-04-18T19:34:20+00:00,file: /vagrant/www/resourcespace/public/streammedia/jukebox/136_128.mp3 doesn't exist skipping
2014-04-18T19:34:20+00:00,file: /vagrant/www/resourcespace/public/streammedia/jukebox/1_128.mp3 doesn't exist skipping
2014-04-18T19:34:20+00:00,file: /vagrant/www/resourcespace/public/streammedia/jukebox/2_128.mp3 doesn't exist skipping
2014-04-18T19:34:20+00:00,file: /vagrant/www/resourcespace/public/streammedia/jukebox/3_128.mp3 doesn't exist skipping
2014-04-18T19:34:20+00:00,DONE: Processed 0
2014-04-18T19:37:07+00:00,processing page 1
2014-04-18T19:37:34+00:00,processing page 1
2014-04-18T19:39:04+00:00,processing page 1
2014-04-18T19:39:43+00:00,processing page 1
2014-04-18T19:39:44+00:00,file: /vagrant/www/resourcespace/public/streammedia/jukebox/110_128.mp3 doesn't exist skipping
2014-04-18T19:39:44+00:00,DONE: Processed 0
2014-04-18T19:42:58+00:00,processing page 2
2014-04-18T19:42:59+00:00,file: /vagrant/www/resourcespace/public/streammedia/jukebox/120_128.mp3 doesn't exist skipping
2014-04-18T19:42:59+00:00,DONE: Processed 0
2014-04-18T19:46:11+00:00,processing page 1
2014-04-18T19:46:14+00:00,file: /vagrant/www/resourcespace/public/streammedia/jukebox/110_128.mp3 doesn't exist skipping
2014-04-18T19:46:14+00:00,DONE: Processed 0
2014-04-18T19:50:13+00:00,processing page 2
2014-04-18T19:50:16+00:00,file: /vagrant/www/resourcespace/public/streammedia/jukebox/120_128.mp3 doesn't exist skipping
2014-04-18T19:50:16+00:00,DONE: Processed 0
2014-04-18T19:52:18+00:00,processing page 3
2014-04-18T19:52:19+00:00,file: /vagrant/www/resourcespace/public/streammedia/jukebox/130_128.mp3 doesn't exist skipping
2014-04-18T19:52:19+00:00,DONE: Processed 0
2014-04-18T19:59:48+00:00,processing page 4
2014-04-18T19:59:50+00:00,file: /vagrant/www/resourcespace/public/streammedia/jukebox/4_128.mp3 doesn't exist skipping
2014-04-18T19:59:50+00:00,DONE: Processed 0
2014-04-18T20:01:55+00:00,processing page 5
2014-04-18T20:01:57+00:00,file: /vagrant/www/resourcespace/public/streammedia/jukebox/14_128.mp3 doesn't exist skipping
2014-04-18T20:01:57+00:00,DONE: Processed 0
2014-04-18T20:07:45+00:00,processing page 6
2014-04-18T20:07:48+00:00,file: /vagrant/www/resourcespace/public/streammedia/jukebox/24_128.mp3 doesn't exist skipping
2014-04-18T20:07:48+00:00,DONE: Processed 0
2014-04-18T20:09:00+00:00,processing page 7
2014-04-18T20:09:02+00:00,file: /vagrant/www/resourcespace/public/streammedia/jukebox/34_128.mp3 doesn't exist skipping
2014-04-18T20:09:02+00:00,DONE: Processed 0
2014-04-18T20:20:36+00:00,processing page 8
2014-04-18T20:20:37+00:00,file: /vagrant/www/resourcespace/public/streammedia/jukebox/44_128.mp3 doesn't exist skipping
2014-04-18T20:20:37+00:00,DONE: Processed 0
2014-04-18T20:22:58+00:00,processing page 9
2014-04-18T20:22:59+00:00,file: /vagrant/www/resourcespace/public/streammedia/jukebox/54_128.mp3 doesn't exist skipping
2014-04-18T20:22:59+00:00,file: /vagrant/www/resourcespace/public/streammedia/jukebox/55_128.mp3 doesn't exist skipping
2014-04-18T20:22:59+00:00,file: /vagrant/www/resourcespace/public/streammedia/jukebox/56_128.mp3 doesn't exist skipping
2014-04-18T20:23:00+00:00,file: /vagrant/www/resourcespace/public/streammedia/jukebox/57_128.mp3 doesn't exist skipping
2014-04-18T20:23:00+00:00,file: /vagrant/www/resourcespace/public/streammedia/jukebox/58_128.mp3 doesn't exist skipping
2014-04-18T20:23:00+00:00,file: /vagrant/www/resourcespace/public/streammedia/jukebox/59_128.mp3 doesn't exist skipping
2014-04-18T20:23:00+00:00,file: /vagrant/www/resourcespace/public/streammedia/jukebox/60_128.mp3 doesn't exist skipping
2014-04-18T20:23:00+00:00,file: /vagrant/www/resourcespace/public/streammedia/jukebox/61_128.mp3 doesn't exist skipping
2014-04-18T20:23:00+00:00,file: /vagrant/www/resourcespace/public/streammedia/jukebox/62_128.mp3 doesn't exist skipping
2014-04-18T20:23:00+00:00,file: /vagrant/www/resourcespace/public/streammedia/jukebox/63_128.mp3 doesn't exist skipping
2014-04-18T20:23:00+00:00,DONE: Processed 0
2014-04-18T20:27:33+00:00,processing page 10
2014-04-18T20:27:34+00:00,file: /vagrant/www/resourcespace/public/streammedia/jukebox/64_128.mp3 doesn't exist skipping
2014-04-18T20:27:34+00:00,file: /vagrant/www/resourcespace/public/streammedia/jukebox/65_128.mp3 doesn't exist skipping
2014-04-18T20:27:34+00:00,file: /vagrant/www/resourcespace/public/streammedia/jukebox/66_128.mp3 doesn't exist skipping
2014-04-18T20:27:34+00:00,file: /vagrant/www/resourcespace/public/streammedia/jukebox/67_128.mp3 doesn't exist skipping
2014-04-18T20:27:34+00:00,file: /vagrant/www/resourcespace/public/streammedia/jukebox/68_128.mp3 doesn't exist skipping
2014-04-18T20:27:34+00:00,file: /vagrant/www/resourcespace/public/streammedia/jukebox/69_128.mp3 doesn't exist skipping
2014-04-18T20:27:34+00:00,file: /vagrant/www/resourcespace/public/streammedia/jukebox/70_128.mp3 doesn't exist skipping
2014-04-18T20:27:35+00:00,file: /vagrant/www/resourcespace/public/streammedia/jukebox/71_128.mp3 doesn't exist skipping
2014-04-18T20:27:35+00:00,file: /vagrant/www/resourcespace/public/streammedia/jukebox/72_128.mp3 doesn't exist skipping
2014-04-18T20:27:35+00:00,file: /vagrant/www/resourcespace/public/streammedia/jukebox/73_128.mp3 doesn't exist skipping
2014-04-18T20:27:35+00:00,DONE: Processed 0
2014-04-18T20:28:18+00:00,processing page 11
2014-04-18T20:28:56+00:00,processing page 11
2014-04-18T20:28:58+00:00,file: /vagrant/www/resourcespace/public/streammedia/jukebox/74_128.mp3 doesn't exist skipping
2014-04-18T20:28:58+00:00,file: /vagrant/www/resourcespace/public/streammedia/jukebox/75_128.mp3 doesn't exist skipping
2014-04-18T20:28:58+00:00,file: /vagrant/www/resourcespace/public/streammedia/jukebox/76_128.mp3 doesn't exist skipping
2014-04-18T20:28:58+00:00,file: /vagrant/www/resourcespace/public/streammedia/jukebox/77_128.mp3 doesn't exist skipping
2014-04-18T20:28:58+00:00,file: /vagrant/www/resourcespace/public/streammedia/jukebox/78_128.mp3 doesn't exist skipping
2014-04-18T20:28:58+00:00,file: /vagrant/www/resourcespace/public/streammedia/jukebox/79_128.mp3 doesn't exist skipping
2014-04-18T20:28:58+00:00,file: /vagrant/www/resourcespace/public/streammedia/jukebox/80_128.mp3 doesn't exist skipping
2014-04-18T20:28:58+00:00,file: /vagrant/www/resourcespace/public/streammedia/jukebox/81_128.mp3 doesn't exist skipping
2014-04-18T20:28:58+00:00,file: /vagrant/www/resourcespace/public/streammedia/jukebox/82_128.mp3 doesn't exist skipping
2014-04-18T20:28:58+00:00,file: /vagrant/www/resourcespace/public/streammedia/jukebox/83_128.mp3 doesn't exist skipping
2014-04-18T20:28:58+00:00,DONE: Processed 0
2014-04-18T20:29:58+00:00,processing page 12
2014-04-18T20:30:00+00:00,file: /vagrant/www/resourcespace/public/streammedia/jukebox/84_128.mp3 doesn't exist skipping
2014-04-18T20:30:00+00:00,file: /vagrant/www/resourcespace/public/streammedia/jukebox/85_128.mp3 doesn't exist skipping
2014-04-18T20:30:00+00:00,file: /vagrant/www/resourcespace/public/streammedia/jukebox/86_128.mp3 doesn't exist skipping
2014-04-18T20:30:00+00:00,file: /vagrant/www/resourcespace/public/streammedia/jukebox/87_128.mp3 doesn't exist skipping
2014-04-18T20:30:00+00:00,file: /vagrant/www/resourcespace/public/streammedia/jukebox/88_128.mp3 doesn't exist skipping
2014-04-18T20:30:00+00:00,file: /vagrant/www/resourcespace/public/streammedia/jukebox/89_128.mp3 doesn't exist skipping
2014-04-18T20:30:00+00:00,file: /vagrant/www/resourcespace/public/streammedia/jukebox/90_128.mp3 doesn't exist skipping
2014-04-18T20:30:00+00:00,file: /vagrant/www/resourcespace/public/streammedia/jukebox/91_128.mp3 doesn't exist skipping
2014-04-18T20:30:00+00:00,file: /vagrant/www/resourcespace/public/streammedia/jukebox/92_128.mp3 doesn't exist skipping
2014-04-18T20:30:00+00:00,file: /vagrant/www/resourcespace/public/streammedia/jukebox/93_128.mp3 doesn't exist skipping
2014-04-18T20:30:00+00:00,DONE: Processed 0
2014-04-18T20:30:09+00:00,processing page 13
2014-04-18T20:30:38+00:00,processing page 13
2014-04-18T20:30:39+00:00,file: /vagrant/www/resourcespace/public/streammedia/jukebox/94_128.mp3 doesn't exist skipping
2014-04-18T20:30:39+00:00,file: /vagrant/www/resourcespace/public/streammedia/jukebox/95_128.mp3 doesn't exist skipping
2014-04-18T20:30:39+00:00,file: /vagrant/www/resourcespace/public/streammedia/jukebox/96_128.mp3 doesn't exist skipping
2014-04-18T20:30:39+00:00,file: /vagrant/www/resourcespace/public/streammedia/jukebox/97_128.mp3 doesn't exist skipping
2014-04-18T20:30:40+00:00,file: /vagrant/www/resourcespace/public/streammedia/jukebox/98_128.mp3 doesn't exist skipping
2014-04-18T20:30:40+00:00,file: /vagrant/www/resourcespace/public/streammedia/jukebox/99_128.mp3 doesn't exist skipping
2014-04-18T20:30:40+00:00,file: /vagrant/www/resourcespace/public/streammedia/jukebox/100_128.mp3 doesn't exist skipping
2014-04-18T20:30:40+00:00,file: /vagrant/www/resourcespace/public/streammedia/jukebox/101_128.mp3 doesn't exist skipping
2014-04-18T20:30:40+00:00,file: /vagrant/www/resourcespace/public/streammedia/jukebox/102_128.mp3 doesn't exist skipping
2014-04-18T20:30:40+00:00,file: /vagrant/www/resourcespace/public/streammedia/jukebox/103_128.mp3 doesn't exist skipping
2014-04-18T20:30:40+00:00,DONE: Processed 0
2014-04-18T20:30:48+00:00,processing page 14
2014-04-18T20:33:08+00:00,processing page 14
2014-04-18T20:33:10+00:00,DONE: Processed 1
2014-04-18T20:39:55+00:00,processing page 15
2014-04-18T20:39:59+00:00,DONE: Processed 1
2014-04-18T20:42:31+00:00,processing page 16
2014-04-18T20:42:33+00:00,DONE: Processed 1
2014-04-18T20:45:50+00:00,processing page 1
2014-04-18T20:45:55+00:00,DONE: Processed 1
2014-04-18T20:50:07+00:00,processing page 2
2014-04-18T20:50:12+00:00,DONE: Processed 1
2014-04-18T20:51:24+00:00,processing page 3
2014-04-18T20:51:27+00:00,DONE: Processed 1
2014-04-18T20:51:55+00:00,processing page 4
2014-04-18T20:51:58+00:00,DONE: Processed 1
2014-04-18T20:52:25+00:00,processing page 5
2014-04-18T20:52:28+00:00,DONE: Processed 1
2014-04-18T20:53:28+00:00,processing page 1
2014-04-18T20:53:32+00:00,A2671ACD2EAC037CE0438C93F116037C already exists in RS skipping..
2014-04-18T20:53:32+00:00,DONE: Processed 0
2014-04-18T20:54:17+00:00,processing page 2
2014-04-18T20:54:19+00:00,DONE: Processed 1
2014-04-18T20:55:02+00:00,processing page 1
2014-04-18T20:55:03+00:00,A2671ACD2EAC037CE0438C93F116037C already exists in RS skipping..
2014-04-18T20:55:03+00:00,DONE: Processed 0
2014-04-18T20:55:30+00:00,processing page 2
2014-04-18T20:55:31+00:00,DONE: Processed 1
2014-04-18T20:56:57+00:00,processing page 1
2014-04-18T20:57:00+00:00,A2671ACD2EAC037CE0438C93F116037C already exists in RS skipping..
2014-04-18T20:57:00+00:00,DONE: Processed 0
2014-04-18T20:59:34+00:00,processing page 1
2014-04-18T20:59:37+00:00,A2671ACD2EAC037CE0438C93F116037C already exists in RS skipping..
2014-04-18T21:02:59+00:00,processing page 1
2014-04-18T21:03:02+00:00,A2671ACD2EAC037CE0438C93F116037C already exists in RS skipping..
2014-04-18T21:03:49+00:00,processing page 1
2014-04-18T21:03:52+00:00,A2671ACD2EAC037CE0438C93F116037C already exists in RS skipping..
2014-04-18T21:03:52+00:00,A2671ACD2EAE037CE0438C93F116037C already exists in RS skipping..
2014-04-18T21:06:37+00:00,processing page 1
2014-04-18T21:06:39+00:00,A2671ACD2EAC037CE0438C93F116037C already exists in RS skipping..
2014-04-18T21:06:39+00:00,A2671ACD2EAE037CE0438C93F116037C already exists in RS skipping..
2014-04-18T21:06:39+00:00,A2671ACD2EB0037CE0438C93F116037C already exists in RS skipping..
2014-04-18T21:07:21+00:00,processing page 1
2014-04-18T21:07:22+00:00,A2671ACD2EAC037CE0438C93F116037C already exists in RS skipping..
2014-04-18T21:07:22+00:00,A2671ACD2EAE037CE0438C93F116037C already exists in RS skipping..
2014-04-18T21:07:22+00:00,A2671ACD2EB0037CE0438C93F116037C already exists in RS skipping..
2014-04-18T21:07:22+00:00,A2671ACD2EB2037CE0438C93F116037C already exists in RS skipping..
2014-04-18T21:09:31+00:00,processing page 1
2014-04-18T21:09:34+00:00,A2671ACD2EAC037CE0438C93F116037C already exists in RS skipping..
2014-04-18T21:09:34+00:00,A2671ACD2EAE037CE0438C93F116037C already exists in RS skipping..
2014-04-18T21:09:34+00:00,A2671ACD2EB0037CE0438C93F116037C already exists in RS skipping..
2014-04-18T21:09:34+00:00,A2671ACD2EB2037CE0438C93F116037C already exists in RS skipping..
2014-04-18T21:09:34+00:00,A2671ACD2EB4037CE0438C93F116037C already exists in RS skipping..
2014-04-18T21:15:18+00:00,processing page 1
2014-04-18T21:15:20+00:00,A2671ACD2EAC037CE0438C93F116037C already exists in RS skipping..
2014-04-18T21:15:20+00:00,A2671ACD2EAE037CE0438C93F116037C already exists in RS skipping..
2014-04-18T21:15:20+00:00,A2671ACD2EB0037CE0438C93F116037C already exists in RS skipping..
2014-04-18T21:15:20+00:00,A2671ACD2EB2037CE0438C93F116037C already exists in RS skipping..
2014-04-18T21:15:20+00:00,A2671ACD2EB4037CE0438C93F116037C already exists in RS skipping..
2014-04-18T21:15:20+00:00,A2671ACD2EB6037CE0438C93F116037C already exists in RS skipping..
2014-04-18T21:15:56+00:00,processing page 1
2014-04-18T21:15:57+00:00,A2671ACD2EAC037CE0438C93F116037C already exists in RS skipping..
2014-04-18T21:15:57+00:00,A2671ACD2EAE037CE0438C93F116037C already exists in RS skipping..
2014-04-18T21:15:57+00:00,A2671ACD2EB0037CE0438C93F116037C already exists in RS skipping..
2014-04-18T21:15:57+00:00,A2671ACD2EB2037CE0438C93F116037C already exists in RS skipping..
2014-04-18T21:15:57+00:00,A2671ACD2EB4037CE0438C93F116037C already exists in RS skipping..
2014-04-18T21:15:57+00:00,A2671ACD2EB6037CE0438C93F116037C already exists in RS skipping..
2014-04-18T21:15:57+00:00,A2671ACD2EB8037CE0438C93F116037C already exists in RS skipping..
2014-04-18T21:19:15+00:00,processing page 1
2014-04-18T21:19:16+00:00,A2671ACD2EAC037CE0438C93F116037C already exists in RS skipping..
2014-04-18T21:19:16+00:00,A2671ACD2EAE037CE0438C93F116037C already exists in RS skipping..
2014-04-18T21:19:16+00:00,A2671ACD2EB0037CE0438C93F116037C already exists in RS skipping..
2014-04-18T21:19:16+00:00,A2671ACD2EB2037CE0438C93F116037C already exists in RS skipping..
2014-04-18T21:19:16+00:00,A2671ACD2EB4037CE0438C93F116037C already exists in RS skipping..
2014-04-18T21:19:16+00:00,A2671ACD2EB6037CE0438C93F116037C already exists in RS skipping..
2014-04-18T21:19:16+00:00,A2671ACD2EB8037CE0438C93F116037C already exists in RS skipping..
2014-04-18T21:19:16+00:00,A2671ACD2EBA037CE0438C93F116037C already exists in RS skipping..
2014-04-18T21:31:53+00:00,processing page 1
2014-04-18T21:31:55+00:00,A2671ACD2EAC037CE0438C93F116037C already exists in RS skipping..
2014-04-18T21:31:55+00:00,A2671ACD2EAE037CE0438C93F116037C already exists in RS skipping..
2014-04-18T21:31:55+00:00,A2671ACD2EB0037CE0438C93F116037C already exists in RS skipping..
2014-04-18T21:31:55+00:00,A2671ACD2EB2037CE0438C93F116037C already exists in RS skipping..
2014-04-18T21:31:55+00:00,A2671ACD2EB4037CE0438C93F116037C already exists in RS skipping..
2014-04-18T21:31:55+00:00,A2671ACD2EB6037CE0438C93F116037C already exists in RS skipping..
2014-04-18T21:31:55+00:00,A2671ACD2EB8037CE0438C93F116037C already exists in RS skipping..
2014-04-18T21:31:55+00:00,A2671ACD2EBA037CE0438C93F116037C already exists in RS skipping..
2014-04-18T21:31:55+00:00,A2671ACD2EBC037CE0438C93F116037C already exists in RS skipping..
2014-04-18T21:33:14+00:00,processing page 1
2014-04-18T21:33:15+00:00,A2671ACD2EAC037CE0438C93F116037C already exists in RS skipping..
2014-04-18T21:33:15+00:00,A2671ACD2EAE037CE0438C93F116037C already exists in RS skipping..
2014-04-18T21:33:15+00:00,A2671ACD2EB0037CE0438C93F116037C already exists in RS skipping..
2014-04-18T21:33:15+00:00,A2671ACD2EB2037CE0438C93F116037C already exists in RS skipping..
2014-04-18T21:33:15+00:00,A2671ACD2EB4037CE0438C93F116037C already exists in RS skipping..
2014-04-18T21:33:15+00:00,A2671ACD2EB6037CE0438C93F116037C already exists in RS skipping..
2014-04-18T21:33:15+00:00,A2671ACD2EB8037CE0438C93F116037C already exists in RS skipping..
2014-04-18T21:33:15+00:00,A2671ACD2EBA037CE0438C93F116037C already exists in RS skipping..
2014-04-18T21:33:15+00:00,A2671ACD2EBC037CE0438C93F116037C already exists in RS skipping..
2014-04-18T21:33:15+00:00,A2671ACD2EBE037CE0438C93F116037C already exists in RS skipping..
2014-04-18T21:33:15+00:00,DONE: Processed 0
2014-04-18T21:33:28+00:00,processing page 2
2014-04-18T21:37:11+00:00,processing page 2
2014-04-18T21:37:13+00:00,A2671ACD2EC0037CE0438C93F116037C already exists in RS skipping..
